<?xml version="1.0" encoding="UTF-8"?>
<testsuite xmlns:xsi="http://www.w3.org/2001/XMLSchema-instance" xsi:noNamespaceSchemaLocation="https://maven.apache.org/surefire/maven-surefire-plugin/xsd/surefire-test-report.xsd" name="com.raul.nifi.processors.twilioapi.TwilioAPITest" time="0.144" tests="1" errors="0" skipped="0" failures="0">
  <properties>
    <property name="sun.desktop" value="windows"/>
    <property name="awt.toolkit" value="sun.awt.windows.WToolkit"/>
    <property name="java.specification.version" value="11"/>
    <property name="sun.cpu.isalist" value="amd64"/>
    <property name="sun.jnu.encoding" value="Cp1252"/>
    <property name="java.class.path" value="C:\Users\Raul\OneDrive\Work\4MDG\Projects\twilio-nifi\nifi-twilioapi-processors\target\test-classes;C:\Users\Raul\OneDrive\Work\4MDG\Projects\twilio-nifi\nifi-twilioapi-processors\target\classes;C:\Users\Raul\.m2\repository\org\apache\nifi\nifi-api\1.13.2\nifi-api-1.13.2.jar;C:\Users\Raul\.m2\repository\org\apache\nifi\nifi-utils\1.13.2\nifi-utils-1.13.2.jar;C:\Users\Raul\.m2\repository\javax\xml\bind\jaxb-api\2.3.0\jaxb-api-2.3.0.jar;C:\Users\Raul\.m2\repository\com\sun\xml\bind\jaxb-core\2.3.0\jaxb-core-2.3.0.jar;C:\Users\Raul\.m2\repository\com\sun\xml\bind\jaxb-impl\2.3.0\jaxb-impl-2.3.0.jar;C:\Users\Raul\.m2\repository\org\apache\nifi\nifi-mock\1.13.2\nifi-mock-1.13.2.jar;C:\Users\Raul\.m2\repository\org\apache\nifi\nifi-framework-api\1.13.2\nifi-framework-api-1.13.2.jar;C:\Users\Raul\.m2\repository\org\apache\nifi\nifi-parameter\1.13.2\nifi-parameter-1.13.2.jar;C:\Users\Raul\.m2\repository\org\apache\nifi\nifi-framework-core-api\1.13.2\nifi-framework-core-api-1.13.2.jar;C:\Users\Raul\.m2\repository\org\apache\nifi\nifi-framework-nar-utils\1.13.2\nifi-framework-nar-utils-1.13.2.jar;C:\Users\Raul\.m2\repository\org\apache\nifi\nifi-client-dto\1.13.2\nifi-client-dto-1.13.2.jar;C:\Users\Raul\.m2\repository\io\swagger\swagger-annotations\1.6.0\swagger-annotations-1.6.0.jar;C:\Users\Raul\.m2\repository\org\apache\nifi\nifi-site-to-site-client\1.13.2\nifi-site-to-site-client-1.13.2.jar;C:\Users\Raul\.m2\repository\org\apache\httpcomponents\client5\httpclient5\5.0-beta4\httpclient5-5.0-beta4.jar;C:\Users\Raul\.m2\repository\org\apache\httpcomponents\core5\httpcore5\5.0-beta7\httpcore5-5.0-beta7.jar;C:\Users\Raul\.m2\repository\org\apache\httpcomponents\core5\httpcore5-h2\5.0-beta7\httpcore5-h2-5.0-beta7.jar;C:\Users\Raul\.m2\repository\org\apache\httpcomponents\httpasyncclient\4.1.4\httpasyncclient-4.1.4.jar;C:\Users\Raul\.m2\repository\org\apache\httpcomponents\httpcore-nio\4.4.10\httpcore-nio-4.4.10.jar;C:\Users\Raul\.m2\repository\org\apache\commons\commons-lang3\3.9\commons-lang3-3.9.jar;C:\Users\Raul\.m2\repository\org\apache\nifi\nifi-framework-authorization\1.13.2\nifi-framework-authorization-1.13.2.jar;C:\Users\Raul\.m2\repository\org\apache\nifi\registry\nifi-registry-data-model\0.8.0\nifi-registry-data-model-0.8.0.jar;C:\Users\Raul\.m2\repository\javax\validation\validation-api\2.0.1.Final\validation-api-2.0.1.Final.jar;C:\Users\Raul\.m2\repository\javax\ws\rs\javax.ws.rs-api\2.1\javax.ws.rs-api-2.1.jar;C:\Users\Raul\.m2\repository\org\apache\nifi\registry\nifi-registry-revision-entity-model\0.8.0\nifi-registry-revision-entity-model-0.8.0.jar;C:\Users\Raul\.m2\repository\jakarta\xml\bind\jakarta.xml.bind-api\2.3.2\jakarta.xml.bind-api-2.3.2.jar;C:\Users\Raul\.m2\repository\org\apache\nifi\registry\nifi-registry-client\0.8.0\nifi-registry-client-0.8.0.jar;C:\Users\Raul\.m2\repository\org\apache\nifi\registry\nifi-registry-security-utils\0.8.0\nifi-registry-security-utils-0.8.0.jar;C:\Users\Raul\.m2\repository\org\glassfish\jersey\core\jersey-client\2.28\jersey-client-2.28.jar;C:\Users\Raul\.m2\repository\jakarta\ws\rs\jakarta.ws.rs-api\2.1.5\jakarta.ws.rs-api-2.1.5.jar;C:\Users\Raul\.m2\repository\org\glassfish\hk2\external\jakarta.inject\2.5.0\jakarta.inject-2.5.0.jar;C:\Users\Raul\.m2\repository\org\glassfish\jersey\media\jersey-media-json-jackson\2.28\jersey-media-json-jackson-2.28.jar;C:\Users\Raul\.m2\repository\org\glassfish\jersey\ext\jersey-entity-filtering\2.28\jersey-entity-filtering-2.28.jar;C:\Users\Raul\.m2\repository\org\glassfish\jersey\inject\jersey-hk2\2.28\jersey-hk2-2.28.jar;C:\Users\Raul\.m2\repository\org\glassfish\hk2\hk2-locator\2.5.0\hk2-locator-2.5.0.jar;C:\Users\Raul\.m2\repository\org\glassfish\hk2\external\aopalliance-repackaged\2.5.0\aopalliance-repackaged-2.5.0.jar;C:\Users\Raul\.m2\repository\org\glassfish\hk2\hk2-api\2.5.0\hk2-api-2.5.0.jar;C:\Users\Raul\.m2\repository\org\glassfish\hk2\hk2-utils\2.5.0\hk2-utils-2.5.0.jar;C:\Users\Raul\.m2\repository\org\javassist\javassist\3.22.0-CR2\javassist-3.22.0-CR2.jar;C:\Users\Raul\.m2\repository\org\glassfish\jersey\core\jersey-common\2.28\jersey-common-2.28.jar;C:\Users\Raul\.m2\repository\jakarta\annotation\jakarta.annotation-api\1.3.4\jakarta.annotation-api-1.3.4.jar;C:\Users\Raul\.m2\repository\org\glassfish\hk2\osgi-resource-locator\1.0.1\osgi-resource-locator-1.0.1.jar;C:\Users\Raul\.m2\repository\org\glassfish\jersey\media\jersey-media-multipart\2.28\jersey-media-multipart-2.28.jar;C:\Users\Raul\.m2\repository\org\jvnet\mimepull\mimepull\1.9.11\mimepull-1.9.11.jar;C:\Users\Raul\.m2\repository\org\apache\nifi\nifi-expression-language\1.13.2\nifi-expression-language-1.13.2.jar;C:\Users\Raul\.m2\repository\org\antlr\antlr-runtime\3.5.2\antlr-runtime-3.5.2.jar;C:\Users\Raul\.m2\repository\org\apache\nifi\nifi-uuid5\1.13.2\nifi-uuid5-1.13.2.jar;C:\Users\Raul\.m2\repository\com\jayway\jsonpath\json-path\2.4.0\json-path-2.4.0.jar;C:\Users\Raul\.m2\repository\net\minidev\json-smart\2.3\json-smart-2.3.jar;C:\Users\Raul\.m2\repository\net\minidev\accessors-smart\1.2\accessors-smart-1.2.jar;C:\Users\Raul\.m2\repository\org\ow2\asm\asm\5.0.4\asm-5.0.4.jar;C:\Users\Raul\.m2\repository\org\apache\commons\commons-text\1.8\commons-text-1.8.jar;C:\Users\Raul\.m2\repository\org\apache\nifi\nifi-data-provenance-utils\1.13.2\nifi-data-provenance-utils-1.13.2.jar;C:\Users\Raul\.m2\repository\org\apache\nifi\nifi-security-utils\1.13.2\nifi-security-utils-1.13.2.jar;C:\Users\Raul\.m2\repository\org\apache\nifi\nifi-security-utils-api\1.13.2\nifi-security-utils-api-1.13.2.jar;C:\Users\Raul\.m2\repository\org\bouncycastle\bcpkix-jdk15on\1.68\bcpkix-jdk15on-1.68.jar;C:\Users\Raul\.m2\repository\at\favre\lib\bcrypt\0.9.0\bcrypt-0.9.0.jar;C:\Users\Raul\.m2\repository\at\favre\lib\bytes\1.3.0\bytes-1.3.0.jar;C:\Users\Raul\.m2\repository\org\apache\commons\commons-configuration2\2.7\commons-configuration2-2.7.jar;C:\Users\Raul\.m2\repository\com\sun\activation\javax.activation\1.2.0\javax.activation-1.2.0.jar;C:\Users\Raul\.m2\repository\org\bouncycastle\bcprov-jdk15on\1.68\bcprov-jdk15on-1.68.jar;C:\Users\Raul\.m2\repository\org\apache\nifi\nifi-properties-loader\1.13.2\nifi-properties-loader-1.13.2.jar;C:\Users\Raul\.m2\repository\org\apache\nifi\nifi-properties\1.13.2\nifi-properties-1.13.2.jar;C:\Users\Raul\.m2\repository\com\twilio\sdk\twilio\8.25.0\twilio-8.25.0.jar;C:\Users\Raul\.m2\repository\commons-codec\commons-codec\1.15\commons-codec-1.15.jar;C:\Users\Raul\.m2\repository\commons-io\commons-io\2.7\commons-io-2.7.jar;C:\Users\Raul\.m2\repository\io\jsonwebtoken\jjwt-api\0.11.2\jjwt-api-0.11.2.jar;C:\Users\Raul\.m2\repository\io\jsonwebtoken\jjwt-jackson\0.11.2\jjwt-jackson-0.11.2.jar;C:\Users\Raul\.m2\repository\io\jsonwebtoken\jjwt-impl\0.11.2\jjwt-impl-0.11.2.jar;C:\Users\Raul\.m2\repository\org\apache\httpcomponents\httpclient\4.5.13\httpclient-4.5.13.jar;C:\Users\Raul\.m2\repository\commons-logging\commons-logging\1.2\commons-logging-1.2.jar;C:\Users\Raul\.m2\repository\org\apache\httpcomponents\httpcore\4.4.13\httpcore-4.4.13.jar;C:\Users\Raul\.m2\repository\com\fasterxml\jackson\core\jackson-core\2.12.5\jackson-core-2.12.5.jar;C:\Users\Raul\.m2\repository\com\fasterxml\jackson\core\jackson-annotations\2.12.5\jackson-annotations-2.12.5.jar;C:\Users\Raul\.m2\repository\com\fasterxml\jackson\core\jackson-databind\2.12.5\jackson-databind-2.12.5.jar;C:\Users\Raul\.m2\repository\com\fasterxml\jackson\datatype\jackson-datatype-jsr310\2.12.5\jackson-datatype-jsr310-2.12.5.jar;C:\Users\Raul\.m2\repository\com\fasterxml\jackson\dataformat\jackson-dataformat-xml\2.12.5\jackson-dataformat-xml-2.12.5.jar;C:\Users\Raul\.m2\repository\com\fasterxml\jackson\module\jackson-module-jaxb-annotations\2.12.5\jackson-module-jaxb-annotations-2.12.5.jar;C:\Users\Raul\.m2\repository\jakarta\activation\jakarta.activation-api\1.2.1\jakarta.activation-api-1.2.1.jar;C:\Users\Raul\.m2\repository\org\codehaus\woodstox\stax2-api\4.2.1\stax2-api-4.2.1.jar;C:\Users\Raul\.m2\repository\com\fasterxml\woodstox\woodstox-core\6.2.4\woodstox-core-6.2.4.jar;C:\Users\Raul\.m2\repository\org\slf4j\slf4j-api\1.7.30\slf4j-api-1.7.30.jar;C:\Users\Raul\.m2\repository\org\slf4j\slf4j-simple\1.7.30\slf4j-simple-1.7.30.jar;C:\Users\Raul\.m2\repository\junit\junit\4.13.1\junit-4.13.1.jar;C:\Users\Raul\.m2\repository\org\hamcrest\hamcrest-core\1.3\hamcrest-core-1.3.jar;C:\Users\Raul\.m2\repository\org\mockito\mockito-core\2.28.2\mockito-core-2.28.2.jar;C:\Users\Raul\.m2\repository\net\bytebuddy\byte-buddy\1.9.10\byte-buddy-1.9.10.jar;C:\Users\Raul\.m2\repository\net\bytebuddy\byte-buddy-agent\1.9.10\byte-buddy-agent-1.9.10.jar;C:\Users\Raul\.m2\repository\org\objenesis\objenesis\2.6\objenesis-2.6.jar;C:\Users\Raul\.m2\repository\org\codehaus\groovy\groovy-test\2.5.4\groovy-test-2.5.4.jar;C:\Users\Raul\.m2\repository\org\codehaus\groovy\groovy\2.5.4\groovy-2.5.4.jar;"/>
    <property name="java.vm.vendor" value="Oracle Corporation"/>
    <property name="sun.arch.data.model" value="64"/>
    <property name="user.variant" value=""/>
    <property name="java.vendor.url" value="https://openjdk.java.net/"/>
    <property name="user.timezone" value="America/Sao_Paulo"/>
    <property name="user.country.format" value="BR"/>
    <property name="java.vm.specification.version" value="11"/>
    <property name="os.name" value="Windows 10"/>
    <property name="sun.java.launcher" value="SUN_STANDARD"/>
    <property name="user.country" value="US"/>
    <property name="sun.boot.library.path" value="C:\Program Files\Java\jdk-11.0.12\bin"/>
    <property name="sun.java.command" value="C:\Users\Raul\AppData\Local\Temp\surefire4976296925296365801\surefirebooter10242515793209540113.jar C:\Users\Raul\AppData\Local\Temp\surefire4976296925296365801 2022-02-17T08-06-08_335-jvmRun1 surefire3436063502483467477tmp surefire_03121104068862398271tmp"/>
    <property name="jdk.debug" value="release"/>
    <property name="surefire.test.class.path" value="C:\Users\Raul\OneDrive\Work\4MDG\Projects\twilio-nifi\nifi-twilioapi-processors\target\test-classes;C:\Users\Raul\OneDrive\Work\4MDG\Projects\twilio-nifi\nifi-twilioapi-processors\target\classes;C:\Users\Raul\.m2\repository\org\apache\nifi\nifi-api\1.13.2\nifi-api-1.13.2.jar;C:\Users\Raul\.m2\repository\org\apache\nifi\nifi-utils\1.13.2\nifi-utils-1.13.2.jar;C:\Users\Raul\.m2\repository\javax\xml\bind\jaxb-api\2.3.0\jaxb-api-2.3.0.jar;C:\Users\Raul\.m2\repository\com\sun\xml\bind\jaxb-core\2.3.0\jaxb-core-2.3.0.jar;C:\Users\Raul\.m2\repository\com\sun\xml\bind\jaxb-impl\2.3.0\jaxb-impl-2.3.0.jar;C:\Users\Raul\.m2\repository\org\apache\nifi\nifi-mock\1.13.2\nifi-mock-1.13.2.jar;C:\Users\Raul\.m2\repository\org\apache\nifi\nifi-framework-api\1.13.2\nifi-framework-api-1.13.2.jar;C:\Users\Raul\.m2\repository\org\apache\nifi\nifi-parameter\1.13.2\nifi-parameter-1.13.2.jar;C:\Users\Raul\.m2\repository\org\apache\nifi\nifi-framework-core-api\1.13.2\nifi-framework-core-api-1.13.2.jar;C:\Users\Raul\.m2\repository\org\apache\nifi\nifi-framework-nar-utils\1.13.2\nifi-framework-nar-utils-1.13.2.jar;C:\Users\Raul\.m2\repository\org\apache\nifi\nifi-client-dto\1.13.2\nifi-client-dto-1.13.2.jar;C:\Users\Raul\.m2\repository\io\swagger\swagger-annotations\1.6.0\swagger-annotations-1.6.0.jar;C:\Users\Raul\.m2\repository\org\apache\nifi\nifi-site-to-site-client\1.13.2\nifi-site-to-site-client-1.13.2.jar;C:\Users\Raul\.m2\repository\org\apache\httpcomponents\client5\httpclient5\5.0-beta4\httpclient5-5.0-beta4.jar;C:\Users\Raul\.m2\repository\org\apache\httpcomponents\core5\httpcore5\5.0-beta7\httpcore5-5.0-beta7.jar;C:\Users\Raul\.m2\repository\org\apache\httpcomponents\core5\httpcore5-h2\5.0-beta7\httpcore5-h2-5.0-beta7.jar;C:\Users\Raul\.m2\repository\org\apache\httpcomponents\httpasyncclient\4.1.4\httpasyncclient-4.1.4.jar;C:\Users\Raul\.m2\repository\org\apache\httpcomponents\httpcore-nio\4.4.10\httpcore-nio-4.4.10.jar;C:\Users\Raul\.m2\repository\org\apache\commons\commons-lang3\3.9\commons-lang3-3.9.jar;C:\Users\Raul\.m2\repository\org\apache\nifi\nifi-framework-authorization\1.13.2\nifi-framework-authorization-1.13.2.jar;C:\Users\Raul\.m2\repository\org\apache\nifi\registry\nifi-registry-data-model\0.8.0\nifi-registry-data-model-0.8.0.jar;C:\Users\Raul\.m2\repository\javax\validation\validation-api\2.0.1.Final\validation-api-2.0.1.Final.jar;C:\Users\Raul\.m2\repository\javax\ws\rs\javax.ws.rs-api\2.1\javax.ws.rs-api-2.1.jar;C:\Users\Raul\.m2\repository\org\apache\nifi\registry\nifi-registry-revision-entity-model\0.8.0\nifi-registry-revision-entity-model-0.8.0.jar;C:\Users\Raul\.m2\repository\jakarta\xml\bind\jakarta.xml.bind-api\2.3.2\jakarta.xml.bind-api-2.3.2.jar;C:\Users\Raul\.m2\repository\org\apache\nifi\registry\nifi-registry-client\0.8.0\nifi-registry-client-0.8.0.jar;C:\Users\Raul\.m2\repository\org\apache\nifi\registry\nifi-registry-security-utils\0.8.0\nifi-registry-security-utils-0.8.0.jar;C:\Users\Raul\.m2\repository\org\glassfish\jersey\core\jersey-client\2.28\jersey-client-2.28.jar;C:\Users\Raul\.m2\repository\jakarta\ws\rs\jakarta.ws.rs-api\2.1.5\jakarta.ws.rs-api-2.1.5.jar;C:\Users\Raul\.m2\repository\org\glassfish\hk2\external\jakarta.inject\2.5.0\jakarta.inject-2.5.0.jar;C:\Users\Raul\.m2\repository\org\glassfish\jersey\media\jersey-media-json-jackson\2.28\jersey-media-json-jackson-2.28.jar;C:\Users\Raul\.m2\repository\org\glassfish\jersey\ext\jersey-entity-filtering\2.28\jersey-entity-filtering-2.28.jar;C:\Users\Raul\.m2\repository\org\glassfish\jersey\inject\jersey-hk2\2.28\jersey-hk2-2.28.jar;C:\Users\Raul\.m2\repository\org\glassfish\hk2\hk2-locator\2.5.0\hk2-locator-2.5.0.jar;C:\Users\Raul\.m2\repository\org\glassfish\hk2\external\aopalliance-repackaged\2.5.0\aopalliance-repackaged-2.5.0.jar;C:\Users\Raul\.m2\repository\org\glassfish\hk2\hk2-api\2.5.0\hk2-api-2.5.0.jar;C:\Users\Raul\.m2\repository\org\glassfish\hk2\hk2-utils\2.5.0\hk2-utils-2.5.0.jar;C:\Users\Raul\.m2\repository\org\javassist\javassist\3.22.0-CR2\javassist-3.22.0-CR2.jar;C:\Users\Raul\.m2\repository\org\glassfish\jersey\core\jersey-common\2.28\jersey-common-2.28.jar;C:\Users\Raul\.m2\repository\jakarta\annotation\jakarta.annotation-api\1.3.4\jakarta.annotation-api-1.3.4.jar;C:\Users\Raul\.m2\repository\org\glassfish\hk2\osgi-resource-locator\1.0.1\osgi-resource-locator-1.0.1.jar;C:\Users\Raul\.m2\repository\org\glassfish\jersey\media\jersey-media-multipart\2.28\jersey-media-multipart-2.28.jar;C:\Users\Raul\.m2\repository\org\jvnet\mimepull\mimepull\1.9.11\mimepull-1.9.11.jar;C:\Users\Raul\.m2\repository\org\apache\nifi\nifi-expression-language\1.13.2\nifi-expression-language-1.13.2.jar;C:\Users\Raul\.m2\repository\org\antlr\antlr-runtime\3.5.2\antlr-runtime-3.5.2.jar;C:\Users\Raul\.m2\repository\org\apache\nifi\nifi-uuid5\1.13.2\nifi-uuid5-1.13.2.jar;C:\Users\Raul\.m2\repository\com\jayway\jsonpath\json-path\2.4.0\json-path-2.4.0.jar;C:\Users\Raul\.m2\repository\net\minidev\json-smart\2.3\json-smart-2.3.jar;C:\Users\Raul\.m2\repository\net\minidev\accessors-smart\1.2\accessors-smart-1.2.jar;C:\Users\Raul\.m2\repository\org\ow2\asm\asm\5.0.4\asm-5.0.4.jar;C:\Users\Raul\.m2\repository\org\apache\commons\commons-text\1.8\commons-text-1.8.jar;C:\Users\Raul\.m2\repository\org\apache\nifi\nifi-data-provenance-utils\1.13.2\nifi-data-provenance-utils-1.13.2.jar;C:\Users\Raul\.m2\repository\org\apache\nifi\nifi-security-utils\1.13.2\nifi-security-utils-1.13.2.jar;C:\Users\Raul\.m2\repository\org\apache\nifi\nifi-security-utils-api\1.13.2\nifi-security-utils-api-1.13.2.jar;C:\Users\Raul\.m2\repository\org\bouncycastle\bcpkix-jdk15on\1.68\bcpkix-jdk15on-1.68.jar;C:\Users\Raul\.m2\repository\at\favre\lib\bcrypt\0.9.0\bcrypt-0.9.0.jar;C:\Users\Raul\.m2\repository\at\favre\lib\bytes\1.3.0\bytes-1.3.0.jar;C:\Users\Raul\.m2\repository\org\apache\commons\commons-configuration2\2.7\commons-configuration2-2.7.jar;C:\Users\Raul\.m2\repository\com\sun\activation\javax.activation\1.2.0\javax.activation-1.2.0.jar;C:\Users\Raul\.m2\repository\org\bouncycastle\bcprov-jdk15on\1.68\bcprov-jdk15on-1.68.jar;C:\Users\Raul\.m2\repository\org\apache\nifi\nifi-properties-loader\1.13.2\nifi-properties-loader-1.13.2.jar;C:\Users\Raul\.m2\repository\org\apache\nifi\nifi-properties\1.13.2\nifi-properties-1.13.2.jar;C:\Users\Raul\.m2\repository\com\twilio\sdk\twilio\8.25.0\twilio-8.25.0.jar;C:\Users\Raul\.m2\repository\commons-codec\commons-codec\1.15\commons-codec-1.15.jar;C:\Users\Raul\.m2\repository\commons-io\commons-io\2.7\commons-io-2.7.jar;C:\Users\Raul\.m2\repository\io\jsonwebtoken\jjwt-api\0.11.2\jjwt-api-0.11.2.jar;C:\Users\Raul\.m2\repository\io\jsonwebtoken\jjwt-jackson\0.11.2\jjwt-jackson-0.11.2.jar;C:\Users\Raul\.m2\repository\io\jsonwebtoken\jjwt-impl\0.11.2\jjwt-impl-0.11.2.jar;C:\Users\Raul\.m2\repository\org\apache\httpcomponents\httpclient\4.5.13\httpclient-4.5.13.jar;C:\Users\Raul\.m2\repository\commons-logging\commons-logging\1.2\commons-logging-1.2.jar;C:\Users\Raul\.m2\repository\org\apache\httpcomponents\httpcore\4.4.13\httpcore-4.4.13.jar;C:\Users\Raul\.m2\repository\com\fasterxml\jackson\core\jackson-core\2.12.5\jackson-core-2.12.5.jar;C:\Users\Raul\.m2\repository\com\fasterxml\jackson\core\jackson-annotations\2.12.5\jackson-annotations-2.12.5.jar;C:\Users\Raul\.m2\repository\com\fasterxml\jackson\core\jackson-databind\2.12.5\jackson-databind-2.12.5.jar;C:\Users\Raul\.m2\repository\com\fasterxml\jackson\datatype\jackson-datatype-jsr310\2.12.5\jackson-datatype-jsr310-2.12.5.jar;C:\Users\Raul\.m2\repository\com\fasterxml\jackson\dataformat\jackson-dataformat-xml\2.12.5\jackson-dataformat-xml-2.12.5.jar;C:\Users\Raul\.m2\repository\com\fasterxml\jackson\module\jackson-module-jaxb-annotations\2.12.5\jackson-module-jaxb-annotations-2.12.5.jar;C:\Users\Raul\.m2\repository\jakarta\activation\jakarta.activation-api\1.2.1\jakarta.activation-api-1.2.1.jar;C:\Users\Raul\.m2\repository\org\codehaus\woodstox\stax2-api\4.2.1\stax2-api-4.2.1.jar;C:\Users\Raul\.m2\repository\com\fasterxml\woodstox\woodstox-core\6.2.4\woodstox-core-6.2.4.jar;C:\Users\Raul\.m2\repository\org\slf4j\slf4j-api\1.7.30\slf4j-api-1.7.30.jar;C:\Users\Raul\.m2\repository\org\slf4j\slf4j-simple\1.7.30\slf4j-simple-1.7.30.jar;C:\Users\Raul\.m2\repository\junit\junit\4.13.1\junit-4.13.1.jar;C:\Users\Raul\.m2\repository\org\hamcrest\hamcrest-core\1.3\hamcrest-core-1.3.jar;C:\Users\Raul\.m2\repository\org\mockito\mockito-core\2.28.2\mockito-core-2.28.2.jar;C:\Users\Raul\.m2\repository\net\bytebuddy\byte-buddy\1.9.10\byte-buddy-1.9.10.jar;C:\Users\Raul\.m2\repository\net\bytebuddy\byte-buddy-agent\1.9.10\byte-buddy-agent-1.9.10.jar;C:\Users\Raul\.m2\repository\org\objenesis\objenesis\2.6\objenesis-2.6.jar;C:\Users\Raul\.m2\repository\org\codehaus\groovy\groovy-test\2.5.4\groovy-test-2.5.4.jar;C:\Users\Raul\.m2\repository\org\codehaus\groovy\groovy\2.5.4\groovy-2.5.4.jar;"/>
    <property name="sun.cpu.endian" value="little"/>
    <property name="user.home" value="C:\Users\Raul"/>
    <property name="user.language" value="en"/>
    <property name="java.specification.vendor" value="Oracle Corporation"/>
    <property name="java.version.date" value="2021-07-20"/>
    <property name="java.home" value="C:\Program Files\Java\jdk-11.0.12"/>
    <property name="file.separator" value="\"/>
    <property name="basedir" value="C:\Users\Raul\OneDrive\Work\4MDG\Projects\twilio-nifi\nifi-twilioapi-processors"/>
    <property name="java.vm.compressedOopsMode" value="32-bit"/>
    <property name="line.separator" value="&#10;"/>
    <property name="java.specification.name" value="Java Platform API Specification"/>
    <property name="java.vm.specification.vendor" value="Oracle Corporation"/>
    <property name="java.awt.graphicsenv" value="sun.awt.Win32GraphicsEnvironment"/>
    <property name="java.awt.headless" value="true"/>
    <property name="surefire.real.class.path" value="C:\Users\Raul\AppData\Local\Temp\surefire4976296925296365801\surefirebooter10242515793209540113.jar"/>
    <property name="user.script" value=""/>
    <property name="sun.management.compiler" value="HotSpot 64-Bit Tiered Compilers"/>
    <property name="java.runtime.version" value="11.0.12+8-LTS-237"/>
    <property name="user.name" value="Raul"/>
    <property name="java.net.preferIPv4Stack" value="true"/>
    <property name="path.separator" value=";"/>
    <property name="os.version" value="10.0"/>
    <property name="java.runtime.name" value="Java(TM) SE Runtime Environment"/>
    <property name="file.encoding" value="UTF-8"/>
    <property name="java.vm.name" value="Java HotSpot(TM) 64-Bit Server VM"/>
    <property name="java.vendor.version" value="18.9"/>
    <property name="localRepository" value="C:\Users\Raul\.m2\repository"/>
    <property name="java.vendor.url.bug" value="https://bugreport.java.com/bugreport/"/>
    <property name="java.io.tmpdir" value="C:\Users\Raul\AppData\Local\Temp\"/>
    <property name="java.version" value="11.0.12"/>
    <property name="user.dir" value="C:\Users\Raul\OneDrive\Work\4MDG\Projects\twilio-nifi\nifi-twilioapi-processors"/>
    <property name="os.arch" value="amd64"/>
    <property name="java.vm.specification.name" value="Java Virtual Machine Specification"/>
    <property name="java.awt.printerjob" value="sun.awt.windows.WPrinterJob"/>
    <property name="user.language.format" value="pt"/>
    <property name="sun.os.patch.level" value=""/>
    <property name="java.library.path" value="C:\Program Files\Java\jdk-11.0.12\bin;C:\WINDOWS\Sun\Java\bin;C:\WINDOWS\system32;C:\WINDOWS;C:\Program Files\Common Files\Oracle\Java\javapath;C:\Windows\system32;C:\Windows;C:\Windows\System32\Wbem;C:\Windows\System32\WindowsPowerShell\v1.0\;C:\Windows\System32\OpenSSH\;C:\Program Files (x86)\NVIDIA Corporation\PhysX\Common;C:\Program Files\NVIDIA Corporation\NVIDIA NvDLISR;C:\WINDOWS\system32;C:\WINDOWS;C:\WINDOWS\System32\Wbem;C:\WINDOWS\System32\WindowsPowerShell\v1.0\;C:\WINDOWS\System32\OpenSSH\;C:\Program Files\apache-maven-3.8.4\bin;C:\Program Files\dotnet\;C:\Program Files\Git\cmd;C:\Users\Raul\AppData\Local\Microsoft\WindowsApps;C:\Users\Raul\AppData\Local\Programs\Microsoft VS Code\bin;."/>
    <property name="java.vendor" value="Oracle Corporation"/>
    <property name="java.vm.info" value="mixed mode"/>
    <property name="java.vm.version" value="11.0.12+8-LTS-237"/>
    <property name="sun.io.unicode.encoding" value="UnicodeLittle"/>
    <property name="java.class.version" value="55.0"/>
  </properties>
  <testcase name="testProcessor" classname="com.raul.nifi.processors.twilioapi.TwilioAPITest" time="0.113"/>
</testsuite>